[21:25:37] [main/INFO] (FabricLoader/GameProvider) Loading Minecraft 1.20.1 with Fabric Loader 0.16.10
[21:25:37] [main/DEBUG] (FabricLoader/GamePatch) Found game constructor: net.minecraft.client.main.Main -> net.minecraft.client.MinecraftClient
[21:25:37] [main/DEBUG] (FabricLoader/GamePatch) Patching game constructor <init>(Lnet/minecraft/client/RunArgs;)V
[21:25:37] [main/DEBUG] (FabricLoader/GamePatch) Run directory field is thought to be net/minecraft/client/MinecraftClient/runDirectory
[21:25:37] [main/DEBUG] (FabricLoader/GamePatch) Applying brand name hook to net/minecraft/client/ClientBrandRetriever::getClientModName
[21:25:37] [main/DEBUG] (FabricLoader/GamePatch) Applying brand name hook to net/minecraft/server/MinecraftServer::getServerModName
[21:25:37] [main/DEBUG] (FabricLoader/Mappings) Loading mappings took 85 ms
[21:25:37] [main/DEBUG] (FabricLoader/GamePatch) Patched 3 classs
[21:25:37] [main/DEBUG] (FabricLoader/Discovery) Mod discovery time: 18,0 ms
[21:25:38] [main/DEBUG] (FabricLoader/Resolution) Mod resolution time: 50,1 ms
[21:25:38] [main/INFO] (FabricLoader) Loading 59 mods:
	- fabric-api 0.92.3+1.20.1
	- fabric-api-base 0.4.31+1802ada577
	- fabric-api-lookup-api-v1 1.6.36+1802ada577
	- fabric-biome-api-v1 13.0.13+1802ada577
	- fabric-block-api-v1 1.0.11+1802ada577
	- fabric-block-view-api-v2 1.0.1+1802ada577
	- fabric-blockrenderlayer-v1 1.1.41+1802ada577
	- fabric-client-tags-api-v1 1.1.2+1802ada577
	- fabric-command-api-v1 1.2.34+f71b366f77
	- fabric-command-api-v2 2.2.13+1802ada577
	- fabric-commands-v0 0.2.51+df3654b377
	- fabric-containers-v0 0.1.65+df3654b377
	- fabric-content-registries-v0 4.0.12+1802ada577
	- fabric-convention-tags-v1 1.5.5+1802ada577
	- fabric-crash-report-info-v1 0.2.19+1802ada577
	- fabric-data-attachment-api-v1 1.0.1+de0fd6d177
	- fabric-data-generation-api-v1 12.3.5+1802ada577
	- fabric-dimensions-v1 2.1.54+1802ada577
	- fabric-entity-events-v1 1.6.0+1c78457f77
	- fabric-events-interaction-v0 0.6.3+13a40c6677
	- fabric-events-lifecycle-v0 0.2.63+df3654b377
	- fabric-game-rule-api-v1 1.0.40+1802ada577
	- fabric-gametest-api-v1 1.2.14+1802ada577
	- fabric-item-api-v1 2.1.28+1802ada577
	- fabric-item-group-api-v1 4.0.13+1802ada577
	- fabric-key-binding-api-v1 1.0.37+1802ada577
	- fabric-keybindings-v0 0.2.35+df3654b377
	- fabric-lifecycle-events-v1 2.2.22+1802ada577
	- fabric-loot-api-v2 1.2.2+1802ada577
	- fabric-loot-tables-v1 1.1.46+9e7660c677
	- fabric-message-api-v1 5.1.9+1802ada577
	- fabric-mining-level-api-v1 2.1.51+1802ada577
	- fabric-model-loading-api-v1 1.0.3+1802ada577
	- fabric-models-v0 0.4.2+9386d8a777
	- fabric-networking-api-v1 1.3.12+13a40c6677
	- fabric-networking-v0 0.3.52+df3654b377
	- fabric-object-builder-api-v1 11.1.4+1802ada577
	- fabric-particles-v1 1.1.2+1802ada577
	- fabric-recipe-api-v1 1.0.22+1802ada577
	- fabric-registry-sync-v0 2.3.4+1802ada577
	- fabric-renderer-api-v1 3.2.1+1802ada577
	- fabric-renderer-indigo 1.5.2+85287f9f77
	- fabric-renderer-registries-v1 3.2.46+df3654b377
	- fabric-rendering-data-attachment-v1 0.3.37+92a0d36777
	- fabric-rendering-fluids-v1 3.0.28+1802ada577
	- fabric-rendering-v0 1.1.49+df3654b377
	- fabric-rendering-v1 3.0.8+1802ada577
	- fabric-resource-conditions-api-v1 2.3.8+1802ada577
	- fabric-resource-loader-v0 0.11.11+fb82e9d777
	- fabric-screen-api-v1 2.0.8+1802ada577
	- fabric-screen-handler-api-v1 1.3.31+1802ada577
	- fabric-sound-api-v1 1.0.13+1802ada577
	- fabric-transfer-api-v1 3.3.5+8dd72ea377
	- fabric-transitive-access-wideners-v1 4.3.1+1802ada577
	- fabricloader 0.16.10
	- java 17
	- minecraft 1.20.1
	- mixinextras 0.4.1
	- zyndiummod 0.1-1.20.1
[21:25:38] [main/DEBUG] (FabricLoader/Knot) Adding C:\Users\Joachim\Desktop\Zyndium-Mod\.gradle\loom-cache\remapped_mods\net_fabricmc_yarn_1_20_1_1_20_1_build_10_v2\net\fabricmc\fabric-api\fabric-dimensions-v1\2.1.54+1802ada577\fabric-dimensions-v1-2.1.54+1802ada577.jar to classpath.
[21:25:38] [main/DEBUG] (FabricLoader/Knot) Adding C:\Users\Joachim\Desktop\Zyndium-Mod\.gradle\loom-cache\remapped_mods\net_fabricmc_yarn_1_20_1_1_20_1_build_10_v2\net\fabricmc\fabric-api\fabric-crash-report-info-v1\0.2.19+1802ada577\fabric-crash-report-info-v1-0.2.19+1802ada577.jar to classpath.
[21:25:38] [main/DEBUG] (FabricLoader/Knot) Adding C:\Users\Joachim\Desktop\Zyndium-Mod\.gradle\loom-cache\remapped_mods\net_fabricmc_yarn_1_20_1_1_20_1_build_10_v2\net\fabricmc\fabric-api\fabric-recipe-api-v1\1.0.22+1802ada577\fabric-recipe-api-v1-1.0.22+1802ada577.jar to classpath.
[21:25:38] [main/DEBUG] (FabricLoader/Knot) Adding C:\Users\Joachim\Desktop\Zyndium-Mod\.gradle\loom-cache\remapped_mods\net_fabricmc_yarn_1_20_1_1_20_1_build_10_v2\net\fabricmc\fabric-api\fabric-block-api-v1\1.0.11+1802ada577\fabric-block-api-v1-1.0.11+1802ada577.jar to classpath.
[21:25:38] [main/DEBUG] (FabricLoader/Knot) Adding C:\Users\Joachim\Desktop\Zyndium-Mod\.gradle\loom-cache\remapped_mods\net_fabricmc_yarn_1_20_1_1_20_1_build_10_v2\net\fabricmc\fabric-api\fabric-sound-api-v1\1.0.13+1802ada577\fabric-sound-api-v1-1.0.13+1802ada577.jar to classpath.
[21:25:38] [main/DEBUG] (FabricLoader/Knot) Adding C:\Users\Joachim\Desktop\Zyndium-Mod\.gradle\loom-cache\remapped_mods\net_fabricmc_yarn_1_20_1_1_20_1_build_10_v2\net\fabricmc\fabric-api\fabric-rendering-fluids-v1\3.0.28+1802ada577\fabric-rendering-fluids-v1-3.0.28+1802ada577.jar to classpath.
[21:25:38] [main/DEBUG] (FabricLoader/Knot) Adding C:\Users\Joachim\Desktop\Zyndium-Mod\.gradle\loom-cache\remapped_mods\net_fabricmc_yarn_1_20_1_1_20_1_build_10_v2\net\fabricmc\fabric-api\fabric-biome-api-v1\13.0.13+1802ada577\fabric-biome-api-v1-13.0.13+1802ada577.jar to classpath.
[21:25:38] [main/DEBUG] (FabricLoader/Knot) Adding C:\Users\Joachim\Desktop\Zyndium-Mod\build\resources\main to classpath.
[21:25:38] [main/DEBUG] (FabricLoader/Knot) Adding C:\Users\Joachim\Desktop\Zyndium-Mod\.gradle\loom-cache\remapped_mods\net_fabricmc_yarn_1_20_1_1_20_1_build_10_v2\net\fabricmc\fabric-api\fabric-gametest-api-v1\1.2.14+1802ada577\fabric-gametest-api-v1-1.2.14+1802ada577.jar to classpath.
[21:25:38] [main/DEBUG] (FabricLoader/Knot) Adding C:\Users\Joachim\Desktop\Zyndium-Mod\.gradle\loom-cache\remapped_mods\net_fabricmc_yarn_1_20_1_1_20_1_build_10_v2\net\fabricmc\fabric-api\fabric-resource-conditions-api-v1\2.3.8+1802ada577\fabric-resource-conditions-api-v1-2.3.8+1802ada577.jar to classpath.
[21:25:38] [main/DEBUG] (FabricLoader/Knot) Adding C:\Users\Joachim\Desktop\Zyndium-Mod\.gradle\loom-cache\remapped_mods\net_fabricmc_yarn_1_20_1_1_20_1_build_10_v2\net\fabricmc\fabric-api\fabric-networking-api-v1\1.3.12+13a40c6677\fabric-networking-api-v1-1.3.12+13a40c6677.jar to classpath.
[21:25:38] [main/DEBUG] (FabricLoader/Knot) Adding C:\Users\Joachim\Desktop\Zyndium-Mod\.gradle\loom-cache\remapped_mods\net_fabricmc_yarn_1_20_1_1_20_1_build_10_v2\net\fabricmc\fabric-api\fabric-transitive-access-wideners-v1\4.3.1+1802ada577\fabric-transitive-access-wideners-v1-4.3.1+1802ada577.jar to classpath.
[21:25:38] [main/DEBUG] (FabricLoader/Knot) Adding C:\Users\Joachim\Desktop\Zyndium-Mod\.gradle\loom-cache\remapped_mods\net_fabricmc_yarn_1_20_1_1_20_1_build_10_v2\net\fabricmc\fabric-api\fabric-networking-v0\0.3.52+df3654b377\fabric-networking-v0-0.3.52+df3654b377.jar to classpath.
[21:25:38] [main/DEBUG] (FabricLoader/Knot) Adding C:\Users\Joachim\Desktop\Zyndium-Mod\.gradle\loom-cache\remapped_mods\net_fabricmc_yarn_1_20_1_1_20_1_build_10_v2\net\fabricmc\fabric-api\fabric-client-tags-api-v1\1.1.2+1802ada577\fabric-client-tags-api-v1-1.1.2+1802ada577.jar to classpath.
[21:25:38] [main/DEBUG] (FabricLoader/Knot) Adding C:\Users\Joachim\Desktop\Zyndium-Mod\.gradle\loom-cache\remapped_mods\net_fabricmc_yarn_1_20_1_1_20_1_build_10_v2\net\fabricmc\fabric-api\fabric-entity-events-v1\1.6.0+1c78457f77\fabric-entity-events-v1-1.6.0+1c78457f77.jar to classpath.
[21:25:38] [main/DEBUG] (FabricLoader/Knot) Adding C:\Users\Joachim\Desktop\Zyndium-Mod\.gradle\loom-cache\remapped_mods\net_fabricmc_yarn_1_20_1_1_20_1_build_10_v2\net\fabricmc\fabric-api\fabric-item-group-api-v1\4.0.13+1802ada577\fabric-item-group-api-v1-4.0.13+1802ada577.jar to classpath.
[21:25:38] [main/DEBUG] (FabricLoader/Knot) Adding C:\Users\Joachim\Desktop\Zyndium-Mod\.gradle\loom-cache\remapped_mods\net_fabricmc_yarn_1_20_1_1_20_1_build_10_v2\net\fabricmc\fabric-api\fabric-object-builder-api-v1\11.1.4+1802ada577\fabric-object-builder-api-v1-11.1.4+1802ada577.jar to classpath.
[21:25:38] [main/DEBUG] (FabricLoader/Knot) Adding C:\Users\Joachim\Desktop\Zyndium-Mod\.gradle\loom-cache\remapped_mods\net_fabricmc_yarn_1_20_1_1_20_1_build_10_v2\net\fabricmc\fabric-api\fabric-resource-loader-v0\0.11.11+fb82e9d777\fabric-resource-loader-v0-0.11.11+fb82e9d777.jar to classpath.
[21:25:38] [main/DEBUG] (FabricLoader/Knot) Adding C:\Users\Joachim\Desktop\Zyndium-Mod\.gradle\loom-cache\remapped_mods\net_fabricmc_yarn_1_20_1_1_20_1_build_10_v2\net\fabricmc\fabric-api\fabric-mining-level-api-v1\2.1.51+1802ada577\fabric-mining-level-api-v1-2.1.51+1802ada577.jar to classpath.
[21:25:38] [main/DEBUG] (FabricLoader/Knot) Adding C:\Users\Joachim\Desktop\Zyndium-Mod\.gradle\loom-cache\remapped_mods\net_fabricmc_yarn_1_20_1_1_20_1_build_10_v2\net\fabricmc\fabric-api\fabric-keybindings-v0\0.2.35+df3654b377\fabric-keybindings-v0-0.2.35+df3654b377.jar to classpath.
[21:25:38] [main/DEBUG] (FabricLoader/Knot) Adding C:\Users\Joachim\Desktop\Zyndium-Mod\.gradle\loom-cache\remapped_mods\net_fabricmc_yarn_1_20_1_1_20_1_build_10_v2\net\fabricmc\fabric-api\fabric-commands-v0\0.2.51+df3654b377\fabric-commands-v0-0.2.51+df3654b377.jar to classpath.
[21:25:38] [main/DEBUG] (FabricLoader/Knot) Adding C:\Users\Joachim\Desktop\Zyndium-Mod\.gradle\loom-cache\remapped_mods\net_fabricmc_yarn_1_20_1_1_20_1_build_10_v2\net\fabricmc\fabric-api\fabric-key-binding-api-v1\1.0.37+1802ada577\fabric-key-binding-api-v1-1.0.37+1802ada577.jar to classpath.
[21:25:38] [main/DEBUG] (FabricLoader/Knot) Adding C:\Users\Joachim\Desktop\Zyndium-Mod\.gradle\loom-cache\remapped_mods\net_fabricmc_yarn_1_20_1_1_20_1_build_10_v2\net\fabricmc\fabric-api\fabric-data-generation-api-v1\12.3.5+1802ada577\fabric-data-generation-api-v1-12.3.5+1802ada577.jar to classpath.
[21:25:38] [main/DEBUG] (FabricLoader/Knot) Adding C:\Users\Joachim\Desktop\Zyndium-Mod\.gradle\loom-cache\remapped_mods\net_fabricmc_yarn_1_20_1_1_20_1_build_10_v2\net\fabricmc\fabric-api\fabric-registry-sync-v0\2.3.4+1802ada577\fabric-registry-sync-v0-2.3.4+1802ada577.jar to classpath.
[21:25:38] [main/DEBUG] (FabricLoader/Knot) Adding C:\Users\Joachim\Desktop\Zyndium-Mod\.gradle\loom-cache\remapped_mods\net_fabricmc_yarn_1_20_1_1_20_1_build_10_v2\net\fabricmc\fabric-api\fabric-loot-api-v2\1.2.2+1802ada577\fabric-loot-api-v2-1.2.2+1802ada577.jar to classpath.
[21:25:38] [main/DEBUG] (FabricLoader/Knot) Adding C:\Users\Joachim\Desktop\Zyndium-Mod\.gradle\loom-cache\remapped_mods\net_fabricmc_yarn_1_20_1_1_20_1_build_10_v2\net\fabricmc\fabric-api\fabric-rendering-v0\1.1.49+df3654b377\fabric-rendering-v0-1.1.49+df3654b377.jar to classpath.
[21:25:38] [main/DEBUG] (FabricLoader/Knot) Adding C:\Users\Joachim\Desktop\Zyndium-Mod\.gradle\loom-cache\remapped_mods\net_fabricmc_yarn_1_20_1_1_20_1_build_10_v2\net\fabricmc\fabric-api\fabric-events-interaction-v0\0.6.3+13a40c6677\fabric-events-interaction-v0-0.6.3+13a40c6677.jar to classpath.
[21:25:38] [main/DEBUG] (FabricLoader/Knot) Adding C:\Users\Joachim\Desktop\Zyndium-Mod\.gradle\loom-cache\remapped_mods\net_fabricmc_yarn_1_20_1_1_20_1_build_10_v2\net\fabricmc\fabric-api\fabric-rendering-data-attachment-v1\0.3.37+92a0d36777\fabric-rendering-data-attachment-v1-0.3.37+92a0d36777.jar to classpath.
[21:25:38] [main/DEBUG] (FabricLoader/Knot) Adding C:\Users\Joachim\Desktop\Zyndium-Mod\.gradle\loom-cache\remapped_mods\net_fabricmc_yarn_1_20_1_1_20_1_build_10_v2\net\fabricmc\fabric-api\fabric-api-base\0.4.31+1802ada577\fabric-api-base-0.4.31+1802ada577.jar to classpath.
[21:25:38] [main/DEBUG] (FabricLoader/Knot) Adding C:\Users\Joachim\Desktop\Zyndium-Mod\.gradle\loom-cache\remapped_mods\net_fabricmc_yarn_1_20_1_1_20_1_build_10_v2\net\fabricmc\fabric-api\fabric-screen-handler-api-v1\1.3.31+1802ada577\fabric-screen-handler-api-v1-1.3.31+1802ada577.jar to classpath.
[21:25:38] [main/DEBUG] (FabricLoader/Knot) Adding C:\Users\Joachim\Desktop\Zyndium-Mod\.gradle\loom-cache\remapped_mods\net_fabricmc_yarn_1_20_1_1_20_1_build_10_v2\net\fabricmc\fabric-api\fabric-convention-tags-v1\1.5.5+1802ada577\fabric-convention-tags-v1-1.5.5+1802ada577.jar to classpath.
[21:25:38] [main/DEBUG] (FabricLoader/Knot) Adding C:\Users\Joachim\Desktop\Zyndium-Mod\.gradle\loom-cache\remapped_mods\net_fabricmc_yarn_1_20_1_1_20_1_build_10_v2\net\fabricmc\fabric-api\fabric-models-v0\0.4.2+9386d8a777\fabric-models-v0-0.4.2+9386d8a777.jar to classpath.
[21:25:38] [main/DEBUG] (FabricLoader/Knot) Adding C:\Users\Joachim\Desktop\Zyndium-Mod\.gradle\loom-cache\remapped_mods\net_fabricmc_yarn_1_20_1_1_20_1_build_10_v2\net\fabricmc\fabric-api\fabric-blockrenderlayer-v1\1.1.41+1802ada577\fabric-blockrenderlayer-v1-1.1.41+1802ada577.jar to classpath.
[21:25:38] [main/DEBUG] (FabricLoader/Knot) Adding C:\Users\Joachim\Desktop\Zyndium-Mod\.gradle\loom-cache\remapped_mods\net_fabricmc_yarn_1_20_1_1_20_1_build_10_v2\net\fabricmc\fabric-api\fabric-lifecycle-events-v1\2.2.22+1802ada577\fabric-lifecycle-events-v1-2.2.22+1802ada577.jar to classpath.
[21:25:38] [main/DEBUG] (FabricLoader/Knot) Adding C:\Users\Joachim\Desktop\Zyndium-Mod\.gradle\loom-cache\remapped_mods\net_fabricmc_yarn_1_20_1_1_20_1_build_10_v2\net\fabricmc\fabric-api\fabric-renderer-indigo\1.5.2+85287f9f77\fabric-renderer-indigo-1.5.2+85287f9f77.jar to classpath.
[21:25:38] [main/DEBUG] (FabricLoader/Knot) Adding C:\Users\Joachim\Desktop\Zyndium-Mod\.gradle\loom-cache\remapped_mods\net_fabricmc_yarn_1_20_1_1_20_1_build_10_v2\net\fabricmc\fabric-api\fabric-api\0.92.3+1.20.1\fabric-api-0.92.3+1.20.1.jar to classpath.
[21:25:38] [main/DEBUG] (FabricLoader/Knot) Adding C:\Users\Joachim\Desktop\Zyndium-Mod\.gradle\loom-cache\remapped_mods\net_fabricmc_yarn_1_20_1_1_20_1_build_10_v2\net\fabricmc\fabric-api\fabric-loot-tables-v1\1.1.46+9e7660c677\fabric-loot-tables-v1-1.1.46+9e7660c677.jar to classpath.
[21:25:38] [main/DEBUG] (FabricLoader/Knot) Adding C:\Users\Joachim\Desktop\Zyndium-Mod\.gradle\loom-cache\remapped_mods\net_fabricmc_yarn_1_20_1_1_20_1_build_10_v2\net\fabricmc\fabric-api\fabric-screen-api-v1\2.0.8+1802ada577\fabric-screen-api-v1-2.0.8+1802ada577.jar to classpath.
[21:25:38] [main/DEBUG] (FabricLoader/Knot) Adding C:\Users\Joachim\Desktop\Zyndium-Mod\.gradle\loom-cache\remapped_mods\net_fabricmc_yarn_1_20_1_1_20_1_build_10_v2\net\fabricmc\fabric-api\fabric-data-attachment-api-v1\1.0.1+de0fd6d177\fabric-data-attachment-api-v1-1.0.1+de0fd6d177.jar to classpath.
[21:25:38] [main/DEBUG] (FabricLoader/Knot) Adding C:\Users\Joachim\Desktop\Zyndium-Mod\.gradle\loom-cache\remapped_mods\net_fabricmc_yarn_1_20_1_1_20_1_build_10_v2\net\fabricmc\fabric-api\fabric-renderer-api-v1\3.2.1+1802ada577\fabric-renderer-api-v1-3.2.1+1802ada577.jar to classpath.
[21:25:38] [main/DEBUG] (FabricLoader/Knot) Adding C:\Users\Joachim\Desktop\Zyndium-Mod\.gradle\loom-cache\remapped_mods\net_fabricmc_yarn_1_20_1_1_20_1_build_10_v2\net\fabricmc\fabric-api\fabric-api-lookup-api-v1\1.6.36+1802ada577\fabric-api-lookup-api-v1-1.6.36+1802ada577.jar to classpath.
[21:25:38] [main/DEBUG] (FabricLoader/Knot) Adding C:\Users\Joachim\Desktop\Zyndium-Mod\.gradle\loom-cache\remapped_mods\net_fabricmc_yarn_1_20_1_1_20_1_build_10_v2\net\fabricmc\fabric-api\fabric-block-view-api-v2\1.0.1+1802ada577\fabric-block-view-api-v2-1.0.1+1802ada577.jar to classpath.
[21:25:38] [main/DEBUG] (FabricLoader/Knot) Adding C:\Users\Joachim\Desktop\Zyndium-Mod\.gradle\loom-cache\remapped_mods\net_fabricmc_yarn_1_20_1_1_20_1_build_10_v2\net\fabricmc\fabric-api\fabric-command-api-v1\1.2.34+f71b366f77\fabric-command-api-v1-1.2.34+f71b366f77.jar to classpath.
[21:25:38] [main/DEBUG] (FabricLoader/Knot) Adding C:\Users\Joachim\.gradle\caches\modules-2\files-2.1\io.github.llamalad7\mixinextras-fabric\0.4.1\8d1a9e96afb990367fa1f904d17580d164da72e3\mixinextras-fabric-0.4.1.jar to classpath.
[21:25:38] [main/DEBUG] (FabricLoader/Knot) Adding C:\Users\Joachim\Desktop\Zyndium-Mod\.gradle\loom-cache\remapped_mods\net_fabricmc_yarn_1_20_1_1_20_1_build_10_v2\net\fabricmc\fabric-api\fabric-item-api-v1\2.1.28+1802ada577\fabric-item-api-v1-2.1.28+1802ada577.jar to classpath.
[21:25:38] [main/DEBUG] (FabricLoader/Knot) Adding C:\Users\Joachim\Desktop\Zyndium-Mod\.gradle\loom-cache\remapped_mods\net_fabricmc_yarn_1_20_1_1_20_1_build_10_v2\net\fabricmc\fabric-api\fabric-rendering-v1\3.0.8+1802ada577\fabric-rendering-v1-3.0.8+1802ada577.jar to classpath.
[21:25:38] [main/DEBUG] (FabricLoader/Knot) Adding C:\Users\Joachim\Desktop\Zyndium-Mod\.gradle\loom-cache\remapped_mods\net_fabricmc_yarn_1_20_1_1_20_1_build_10_v2\net\fabricmc\fabric-api\fabric-transfer-api-v1\3.3.5+8dd72ea377\fabric-transfer-api-v1-3.3.5+8dd72ea377.jar to classpath.
[21:25:38] [main/DEBUG] (FabricLoader/Knot) Adding C:\Users\Joachim\Desktop\Zyndium-Mod\.gradle\loom-cache\remapped_mods\net_fabricmc_yarn_1_20_1_1_20_1_build_10_v2\net\fabricmc\fabric-api\fabric-containers-v0\0.1.65+df3654b377\fabric-containers-v0-0.1.65+df3654b377.jar to classpath.
[21:25:38] [main/DEBUG] (FabricLoader/Knot) Adding C:\Users\Joachim\Desktop\Zyndium-Mod\.gradle\loom-cache\remapped_mods\net_fabricmc_yarn_1_20_1_1_20_1_build_10_v2\net\fabricmc\fabric-api\fabric-events-lifecycle-v0\0.2.63+df3654b377\fabric-events-lifecycle-v0-0.2.63+df3654b377.jar to classpath.
[21:25:38] [main/DEBUG] (FabricLoader/Knot) Adding C:\Users\Joachim\Desktop\Zyndium-Mod\.gradle\loom-cache\remapped_mods\net_fabricmc_yarn_1_20_1_1_20_1_build_10_v2\net\fabricmc\fabric-api\fabric-renderer-registries-v1\3.2.46+df3654b377\fabric-renderer-registries-v1-3.2.46+df3654b377.jar to classpath.
[21:25:38] [main/DEBUG] (FabricLoader/Knot) Adding C:\Users\Joachim\Desktop\Zyndium-Mod\.gradle\loom-cache\remapped_mods\net_fabricmc_yarn_1_20_1_1_20_1_build_10_v2\net\fabricmc\fabric-api\fabric-content-registries-v0\4.0.12+1802ada577\fabric-content-registries-v0-4.0.12+1802ada577.jar to classpath.
[21:25:38] [main/DEBUG] (FabricLoader/Knot) Adding C:\Users\Joachim\Desktop\Zyndium-Mod\.gradle\loom-cache\remapped_mods\net_fabricmc_yarn_1_20_1_1_20_1_build_10_v2\net\fabricmc\fabric-api\fabric-command-api-v2\2.2.13+1802ada577\fabric-command-api-v2-2.2.13+1802ada577.jar to classpath.
[21:25:38] [main/DEBUG] (FabricLoader/Knot) Adding C:\Users\Joachim\Desktop\Zyndium-Mod\.gradle\loom-cache\remapped_mods\net_fabricmc_yarn_1_20_1_1_20_1_build_10_v2\net\fabricmc\fabric-api\fabric-model-loading-api-v1\1.0.3+1802ada577\fabric-model-loading-api-v1-1.0.3+1802ada577.jar to classpath.
[21:25:38] [main/DEBUG] (FabricLoader/Knot) Adding C:\Users\Joachim\Desktop\Zyndium-Mod\.gradle\loom-cache\remapped_mods\net_fabricmc_yarn_1_20_1_1_20_1_build_10_v2\net\fabricmc\fabric-api\fabric-message-api-v1\5.1.9+1802ada577\fabric-message-api-v1-5.1.9+1802ada577.jar to classpath.
[21:25:38] [main/DEBUG] (FabricLoader/Knot) Adding C:\Users\Joachim\Desktop\Zyndium-Mod\.gradle\loom-cache\remapped_mods\net_fabricmc_yarn_1_20_1_1_20_1_build_10_v2\net\fabricmc\fabric-api\fabric-particles-v1\1.1.2+1802ada577\fabric-particles-v1-1.1.2+1802ada577.jar to classpath.
[21:25:38] [main/DEBUG] (FabricLoader/Knot) Adding C:\Users\Joachim\Desktop\Zyndium-Mod\.gradle\loom-cache\remapped_mods\net_fabricmc_yarn_1_20_1_1_20_1_build_10_v2\net\fabricmc\fabric-api\fabric-game-rule-api-v1\1.0.40+1802ada577\fabric-game-rule-api-v1-1.0.40+1802ada577.jar to classpath.
[21:25:38] [main/DEBUG] (FabricLoader/Entrypoint) Registering new-style initializer net.fabricmc.fabric.impl.recipe.ingredient.client.CustomIngredientSyncClient for mod fabric-recipe-api-v1 (key client)
[21:25:38] [main/DEBUG] (FabricLoader/Entrypoint) Registering new-style initializer net.fabricmc.fabric.impl.recipe.ingredient.CustomIngredientInit for mod fabric-recipe-api-v1 (key main)
[21:25:38] [main/DEBUG] (FabricLoader/Entrypoint) Registering new-style initializer net.fabricmc.fabric.impl.recipe.ingredient.CustomIngredientSync for mod fabric-recipe-api-v1 (key main)
[21:25:38] [main/DEBUG] (FabricLoader/Entrypoint) Registering new-style initializer ch.sedryx.zyndiummod.ZyndiumModDataGenerator for mod zyndiummod (key fabric-datagen)
[21:25:38] [main/DEBUG] (FabricLoader/Entrypoint) Registering new-style initializer ch.sedryx.zyndiummod.ZyndiumModClient for mod zyndiummod (key client)
[21:25:38] [main/DEBUG] (FabricLoader/Entrypoint) Registering new-style initializer ch.sedryx.zyndiummod.ZyndiumMod for mod zyndiummod (key main)
[21:25:38] [main/DEBUG] (FabricLoader/Entrypoint) Registering new-style initializer net.fabricmc.fabric.impl.gametest.FabricGameTestModInitializer for mod fabric-gametest-api-v1 (key main)
[21:25:38] [main/DEBUG] (FabricLoader/Entrypoint) Registering new-style initializer net.fabricmc.fabric.impl.networking.client.ClientNetworkingImpl::clientInit for mod fabric-networking-api-v1 (key client)
[21:25:38] [main/DEBUG] (FabricLoader/Entrypoint) Registering new-style initializer net.fabricmc.fabric.impl.networking.NetworkingImpl::init for mod fabric-networking-api-v1 (key main)
[21:25:38] [main/DEBUG] (FabricLoader/Entrypoint) Registering new-style initializer net.fabricmc.fabric.impl.client.networking.v0.OldClientNetworkingHooks for mod fabric-networking-v0 (key client)
[21:25:38] [main/DEBUG] (FabricLoader/Entrypoint) Registering new-style initializer net.fabricmc.fabric.impl.networking.v0.OldNetworkingHooks for mod fabric-networking-v0 (key main)
[21:25:38] [main/DEBUG] (FabricLoader/Entrypoint) Registering new-style initializer net.fabricmc.fabric.impl.client.registry.sync.FabricRegistryClientInit for mod fabric-registry-sync-v0 (key client)
[21:25:38] [main/DEBUG] (FabricLoader/Entrypoint) Registering new-style initializer net.fabricmc.fabric.impl.registry.sync.FabricRegistryInit for mod fabric-registry-sync-v0 (key main)
[21:25:38] [main/DEBUG] (FabricLoader/Entrypoint) Registering new-style initializer net.fabricmc.fabric.impl.client.rendering.v0.RenderingCallbackInvoker for mod fabric-rendering-v0 (key client)
[21:25:38] [main/DEBUG] (FabricLoader/Entrypoint) Registering new-style initializer net.fabricmc.fabric.impl.event.interaction.InteractionEventsRouterClient for mod fabric-events-interaction-v0 (key client)
[21:25:38] [main/DEBUG] (FabricLoader/Entrypoint) Registering new-style initializer net.fabricmc.fabric.impl.event.interaction.InteractionEventsRouter for mod fabric-events-interaction-v0 (key main)
[21:25:38] [main/DEBUG] (FabricLoader/Entrypoint) Registering new-style initializer net.fabricmc.fabric.impl.screenhandler.client.ClientNetworking for mod fabric-screen-handler-api-v1 (key client)
[21:25:38] [main/DEBUG] (FabricLoader/Entrypoint) Registering new-style initializer net.fabricmc.fabric.impl.client.event.lifecycle.ClientLifecycleEventsImpl for mod fabric-lifecycle-events-v1 (key client)
[21:25:38] [main/DEBUG] (FabricLoader/Entrypoint) Registering new-style initializer net.fabricmc.fabric.impl.event.lifecycle.LifecycleEventsImpl for mod fabric-lifecycle-events-v1 (key main)
[21:25:38] [main/DEBUG] (FabricLoader/Entrypoint) Registering new-style initializer net.fabricmc.fabric.impl.client.indigo.Indigo for mod fabric-renderer-indigo (key client)
[21:25:38] [main/DEBUG] (FabricLoader/Entrypoint) Registering new-style initializer net.fabricmc.fabric.impl.loot.table.LootTablesV1Init for mod fabric-loot-tables-v1 (key main)
[21:25:38] [main/DEBUG] (FabricLoader/Entrypoint) Registering new-style initializer net.fabricmc.fabric.impl.attachment.AttachmentEntrypoint for mod fabric-data-attachment-api-v1 (key main)
[21:25:38] [main/DEBUG] (FabricLoader/Entrypoint) Registering new-style initializer net.fabricmc.fabric.impl.lookup.ApiLookupImpl for mod fabric-api-lookup-api-v1 (key main)
[21:25:38] [main/DEBUG] (FabricLoader/Entrypoint) Registering new-style initializer net.fabricmc.fabric.impl.command.v1.LegacyHandler for mod fabric-command-api-v1 (key main)
[21:25:38] [main/DEBUG] (FabricLoader/Entrypoint) Registering new-style initializer net.fabricmc.fabric.impl.client.container.ScreenProviderRegistryImpl::init for mod fabric-containers-v0 (key client)
[21:25:38] [main/DEBUG] (FabricLoader/Entrypoint) Registering new-style initializer net.fabricmc.fabric.impl.event.lifecycle.v0.client.LegacyClientEventInvokers for mod fabric-events-lifecycle-v0 (key client)
[21:25:38] [main/DEBUG] (FabricLoader/Entrypoint) Registering new-style initializer net.fabricmc.fabric.impl.event.lifecycle.v0.LegacyEventInvokers for mod fabric-events-lifecycle-v0 (key main)
[21:25:38] [main/INFO] (FabricLoader/Mixin) SpongePowered MIXIN Subsystem Version=0.8.7 Source=file:/C:/Users/Joachim/.gradle/caches/modules-2/files-2.1/net.fabricmc/sponge-mixin/0.15.4+mixin.0.8.7/6a12aacc794f1078458433116e9ed42c1cc98096/sponge-mixin-0.15.4+mixin.0.8.7.jar Service=Knot/Fabric Env=CLIENT
[21:25:38] [main/DEBUG] (FabricLoader/Mixin) Initialising Mixin Platform Manager
[21:25:38] [main/DEBUG] (FabricLoader/Mixin) Adding mixin platform agents for container ContainerHandleURI(file:///C:/Users/Joachim/.gradle/caches/modules-2/files-2.1/net.fabricmc/fabric-loader/0.16.10/dbd932c2a3641d2c41cf9abfe47e140a5753fa86/fabric-loader-0.16.10.jar)
[21:25:38] [main/DEBUG] (FabricLoader/Mixin) Instancing new MixinPlatformAgentDefault for ContainerHandleURI(file:///C:/Users/Joachim/.gradle/caches/modules-2/files-2.1/net.fabricmc/fabric-loader/0.16.10/dbd932c2a3641d2c41cf9abfe47e140a5753fa86/fabric-loader-0.16.10.jar)
[21:25:38] [main/DEBUG] (FabricLoader/Mixin) MixinPlatformAgentDefault accepted container ContainerHandleURI(file:///C:/Users/Joachim/.gradle/caches/modules-2/files-2.1/net.fabricmc/fabric-loader/0.16.10/dbd932c2a3641d2c41cf9abfe47e140a5753fa86/fabric-loader-0.16.10.jar)
[21:25:38] [main/DEBUG] (FabricLoader/Mixin) Instancing new MixinPlatformAgentDefault for ContainerHandleURI(file:///C:/Users/Joachim/.gradle/caches/modules-2/files-2.1/net.fabricmc/fabric-loader/0.16.10/dbd932c2a3641d2c41cf9abfe47e140a5753fa86/fabric-loader-0.16.10.jar)
[21:25:38] [main/DEBUG] (FabricLoader/Mixin) MixinPlatformAgentDefault accepted container ContainerHandleURI(file:///C:/Users/Joachim/.gradle/caches/modules-2/files-2.1/net.fabricmc/fabric-loader/0.16.10/dbd932c2a3641d2c41cf9abfe47e140a5753fa86/fabric-loader-0.16.10.jar)
[21:25:38] [main/DEBUG] (FabricLoader/Mixin) Processing prepare() for PlatformAgent[MixinPlatformAgentDefault:ContainerHandleURI(file:///C:/Users/Joachim/.gradle/caches/modules-2/files-2.1/net.fabricmc/fabric-loader/0.16.10/dbd932c2a3641d2c41cf9abfe47e140a5753fa86/fabric-loader-0.16.10.jar)]
[21:25:38] [main/DEBUG] (FabricLoader/Mixin) Processing prepare() for PlatformAgent[MixinPlatformAgentDefault:ContainerHandleURI(file:///C:/Users/Joachim/.gradle/caches/modules-2/files-2.1/net.fabricmc/fabric-loader/0.16.10/dbd932c2a3641d2c41cf9abfe47e140a5753fa86/fabric-loader-0.16.10.jar)]
[21:25:38] [main/INFO] (FabricLoader/Mixin) Loaded Fabric development mappings for mixin remapper!
